<?xml version="1.0" encoding="UTF-8"?>
<testng-results ignored="0" total="1" passed="0" failed="1" skipped="0">
  <reporter-output>
  </reporter-output>
  <suite started-at="2022-10-06T09:24:55Z" name="Default suite" finished-at="2022-10-06T09:26:24Z" duration-ms="89249">
    <groups>
    </groups>
    <test started-at="2022-10-06T09:24:55Z" name="Default test" finished-at="2022-10-06T09:26:24Z" duration-ms="89249">
      <class name="Registeruserdetails">
        <test-method is-config="true" signature="opendatabase()[pri:0, instance:Registeruserdetails@1c5920df]" started-at="2022-10-06T09:24:55Z" name="opendatabase" finished-at="2022-10-06T09:24:55Z" duration-ms="14" status="PASS">
          <reporter-output>
          </reporter-output>
        </test-method> <!-- opendatabase -->
        <test-method is-config="true" signature="lunchbrowser()[pri:0, instance:Registeruserdetails@1c5920df]" started-at="2022-10-06T09:24:55Z" name="lunchbrowser" finished-at="2022-10-06T09:25:11Z" duration-ms="16492" status="PASS">
          <reporter-output>
          </reporter-output>
        </test-method> <!-- lunchbrowser -->
        <test-method is-config="true" signature="LoginApplication()[pri:0, instance:Registeruserdetails@1c5920df]" started-at="2022-10-06T09:25:11Z" name="LoginApplication" finished-at="2022-10-06T09:25:11Z" duration-ms="1" status="PASS">
          <reporter-output>
          </reporter-output>
        </test-method> <!-- LoginApplication -->
        <test-method signature="registeruser()[pri:0, instance:Registeruserdetails@1c5920df]" started-at="2022-10-06T09:25:11Z" name="registeruser" finished-at="2022-10-06T09:26:23Z" duration-ms="71814" status="FAIL">
          <exception class="org.openqa.selenium.ElementNotInteractableException">
            <message>
              <![CDATA[element not interactable
  (Session info: chrome=105.0.5195.127)
Build info: version: '3.141.59', revision: 'e82be7d358', time: '2018-11-14T08:17:03'
System info: host: 'DESKTOP-0JON43M', ip: '192.168.96.74', os.name: 'Windows 10', os.arch: 'amd64', os.version: '10.0', java.version: '18'
Driver info: org.openqa.selenium.chrome.ChromeDriver
Capabilities {acceptInsecureCerts: false, browserName: chrome, browserVersion: 105.0.5195.127, chrome: {chromedriverVersion: 105.0.5195.52 (412c95e51883..., userDataDir: C:\Users\user\AppData\Local...}, goog:chromeOptions: {debuggerAddress: localhost:64624}, javascriptEnabled: true, networkConnectionEnabled: false, pageLoadStrategy: normal, platform: WINDOWS, platformName: WINDOWS, proxy: Proxy(), setWindowRect: true, strictFileInteractability: false, timeouts: {implicit: 0, pageLoad: 300000, script: 30000}, unhandledPromptBehavior: dismiss and notify, webauthn:extension:credBlob: true, webauthn:extension:largeBlob: true, webauthn:virtualAuthenticators: true}
Session ID: 824d35c17769de20e8b5af545ac60675]]>
            </message>
            <full-stacktrace>
              <![CDATA[org.openqa.selenium.ElementNotInteractableException: element not interactable
  (Session info: chrome=105.0.5195.127)
Build info: version: '3.141.59', revision: 'e82be7d358', time: '2018-11-14T08:17:03'
System info: host: 'DESKTOP-0JON43M', ip: '192.168.96.74', os.name: 'Windows 10', os.arch: 'amd64', os.version: '10.0', java.version: '18'
Driver info: org.openqa.selenium.chrome.ChromeDriver
Capabilities {acceptInsecureCerts: false, browserName: chrome, browserVersion: 105.0.5195.127, chrome: {chromedriverVersion: 105.0.5195.52 (412c95e51883..., userDataDir: C:\Users\user\AppData\Local...}, goog:chromeOptions: {debuggerAddress: localhost:64624}, javascriptEnabled: true, networkConnectionEnabled: false, pageLoadStrategy: normal, platform: WINDOWS, platformName: WINDOWS, proxy: Proxy(), setWindowRect: true, strictFileInteractability: false, timeouts: {implicit: 0, pageLoad: 300000, script: 30000}, unhandledPromptBehavior: dismiss and notify, webauthn:extension:credBlob: true, webauthn:extension:largeBlob: true, webauthn:virtualAuthenticators: true}
Session ID: 824d35c17769de20e8b5af545ac60675
at java.base/jdk.internal.reflect.DirectConstructorHandleAccessor.newInstance(DirectConstructorHandleAccessor.java:67)
at java.base/java.lang.reflect.Constructor.newInstanceWithCaller(Constructor.java:499)
at java.base/java.lang.reflect.Constructor.newInstance(Constructor.java:483)
at org.openqa.selenium.remote.http.W3CHttpResponseCodec.createException(W3CHttpResponseCodec.java:187)
at org.openqa.selenium.remote.http.W3CHttpResponseCodec.decode(W3CHttpResponseCodec.java:122)
at org.openqa.selenium.remote.http.W3CHttpResponseCodec.decode(W3CHttpResponseCodec.java:49)
at org.openqa.selenium.remote.HttpCommandExecutor.execute(HttpCommandExecutor.java:158)
at org.openqa.selenium.remote.service.DriverCommandExecutor.execute(DriverCommandExecutor.java:83)
at org.openqa.selenium.remote.RemoteWebDriver.execute(RemoteWebDriver.java:552)
at org.openqa.selenium.remote.RemoteWebElement.execute(RemoteWebElement.java:285)
at org.openqa.selenium.remote.RemoteWebElement.sendKeys(RemoteWebElement.java:106)
at java.base/jdk.internal.reflect.DirectMethodHandleAccessor.invoke(DirectMethodHandleAccessor.java:104)
at java.base/java.lang.reflect.Method.invoke(Method.java:577)
at org.openqa.selenium.support.pagefactory.internal.LocatingElementHandler.invoke(LocatingElementHandler.java:51)
at jdk.proxy2/jdk.proxy2.$Proxy16.sendKeys(Unknown Source)
at Registeruserdetails.registeruser(Registeruserdetails.java:86)
at java.base/jdk.internal.reflect.DirectMethodHandleAccessor.invoke(DirectMethodHandleAccessor.java:104)
at java.base/java.lang.reflect.Method.invoke(Method.java:577)
at org.testng.internal.MethodInvocationHelper.invokeMethod(MethodInvocationHelper.java:124)
at org.testng.internal.Invoker.invokeMethod(Invoker.java:583)
at org.testng.internal.Invoker.invokeTestMethod(Invoker.java:719)
at org.testng.internal.Invoker.invokeTestMethods(Invoker.java:989)
at org.testng.internal.TestMethodWorker.invokeTestMethods(TestMethodWorker.java:125)
at org.testng.internal.TestMethodWorker.run(TestMethodWorker.java:109)
at org.testng.TestRunner.privateRun(TestRunner.java:648)
at org.testng.TestRunner.run(TestRunner.java:505)
at org.testng.SuiteRunner.runTest(SuiteRunner.java:455)
at org.testng.SuiteRunner.runSequentially(SuiteRunner.java:450)
at org.testng.SuiteRunner.privateRun(SuiteRunner.java:415)
at org.testng.SuiteRunner.run(SuiteRunner.java:364)
at org.testng.SuiteRunnerWorker.runSuite(SuiteRunnerWorker.java:52)
at org.testng.SuiteRunnerWorker.run(SuiteRunnerWorker.java:84)
at org.testng.TestNG.runSuitesSequentially(TestNG.java:1208)
at org.testng.TestNG.runSuitesLocally(TestNG.java:1137)
at org.testng.TestNG.runSuites(TestNG.java:1049)
at org.testng.TestNG.run(TestNG.java:1017)
at org.testng.remote.AbstractRemoteTestNG.run(AbstractRemoteTestNG.java:115)
at org.testng.remote.RemoteTestNG.initAndRun(RemoteTestNG.java:251)
at org.testng.remote.RemoteTestNG.main(RemoteTestNG.java:77)
]]>
            </full-stacktrace>
          </exception> <!-- org.openqa.selenium.ElementNotInteractableException -->
          <reporter-output>
          </reporter-output>
        </test-method> <!-- registeruser -->
        <test-method is-config="true" signature="LogoutApplication()[pri:0, instance:Registeruserdetails@1c5920df]" started-at="2022-10-06T09:26:23Z" name="LogoutApplication" finished-at="2022-10-06T09:26:23Z" duration-ms="1" status="PASS">
          <reporter-output>
          </reporter-output>
        </test-method> <!-- LogoutApplication -->
        <test-method is-config="true" signature="closebrowser()[pri:0, instance:Registeruserdetails@1c5920df]" started-at="2022-10-06T09:26:23Z" name="closebrowser" finished-at="2022-10-06T09:26:24Z" duration-ms="800" status="PASS">
          <reporter-output>
          </reporter-output>
        </test-method> <!-- closebrowser -->
        <test-method is-config="true" signature="closedatabase()[pri:0, instance:Registeruserdetails@1c5920df]" started-at="2022-10-06T09:26:24Z" name="closedatabase" finished-at="2022-10-06T09:26:24Z" duration-ms="0" status="PASS">
          <reporter-output>
          </reporter-output>
        </test-method> <!-- closedatabase -->
      </class> <!-- Registeruserdetails -->
    </test> <!-- Default test -->
  </suite> <!-- Default suite -->
</testng-results>
